0 info it worked if it ends with ok
1 verbose cli [ '/home/papka/.nvm/versions/node/v5.5.0/bin/node',
1 verbose cli   '/home/papka/.nvm/versions/node/v5.5.0/bin/npm',
1 verbose cli   'start' ]
2 info using npm@3.3.12
3 info using node@v5.5.0
4 verbose run-script [ 'prestart', 'start', 'poststart' ]
5 info lifecycle layout-crm-test@1.0.0~prestart: layout-crm-test@1.0.0
6 silly lifecycle layout-crm-test@1.0.0~prestart: no script for prestart, continuing
7 info lifecycle layout-crm-test@1.0.0~start: layout-crm-test@1.0.0
8 verbose lifecycle layout-crm-test@1.0.0~start: unsafe-perm in lifecycle true
9 verbose lifecycle layout-crm-test@1.0.0~start: PATH: /home/papka/.nvm/versions/node/v5.5.0/lib/node_modules/npm/bin/node-gyp-bin:/var/www/layout-crm-test/node_modules/.bin:/home/papka/.rvm/gems/ruby-2.4.0/bin:/home/papka/.rvm/gems/ruby-2.4.0@global/bin:/home/papka/.rvm/rubies/ruby-2.4.0/bin:/home/papka/.nvm/versions/node/v5.5.0/bin:/home/papka/bin:/home/papka/.local/bin:/usr/local/sbin:/usr/local/bin:/usr/sbin:/usr/bin:/sbin:/bin:/usr/games:/usr/local/games:/snap/bin:/home/papka/.rvm/bin
10 verbose lifecycle layout-crm-test@1.0.0~start: CWD: /var/www/layout-crm-test
11 silly lifecycle layout-crm-test@1.0.0~start: Args: [ '-c', 'http-server ./build -p 3000' ]
12 silly lifecycle layout-crm-test@1.0.0~start: Returned: code: 137  signal: null
13 info lifecycle layout-crm-test@1.0.0~start: Failed to exec start script
14 verbose stack Error: layout-crm-test@1.0.0 start: `http-server ./build -p 3000`
14 verbose stack Exit status 137
14 verbose stack     at EventEmitter.<anonymous> (/home/papka/.nvm/versions/node/v5.5.0/lib/node_modules/npm/lib/utils/lifecycle.js:232:16)
14 verbose stack     at emitTwo (events.js:100:13)
14 verbose stack     at EventEmitter.emit (events.js:185:7)
14 verbose stack     at ChildProcess.<anonymous> (/home/papka/.nvm/versions/node/v5.5.0/lib/node_modules/npm/lib/utils/spawn.js:24:14)
14 verbose stack     at emitTwo (events.js:100:13)
14 verbose stack     at ChildProcess.emit (events.js:185:7)
14 verbose stack     at maybeClose (internal/child_process.js:821:16)
14 verbose stack     at Process.ChildProcess._handle.onexit (internal/child_process.js:211:5)
15 verbose pkgid layout-crm-test@1.0.0
16 verbose cwd /var/www/layout-crm-test
17 error Linux 4.4.0-101-generic
18 error argv "/home/papka/.nvm/versions/node/v5.5.0/bin/node" "/home/papka/.nvm/versions/node/v5.5.0/bin/npm" "start"
19 error node v5.5.0
20 error npm  v3.3.12
21 error code ELIFECYCLE
22 error layout-crm-test@1.0.0 start: `http-server ./build -p 3000`
22 error Exit status 137
23 error Failed at the layout-crm-test@1.0.0 start script 'http-server ./build -p 3000'.
23 error Make sure you have the latest version of node.js and npm installed.
23 error If you do, this is most likely a problem with the layout-crm-test package,
23 error not with npm itself.
23 error Tell the author that this fails on your system:
23 error     http-server ./build -p 3000
23 error You can get their info via:
23 error     npm owner ls layout-crm-test
23 error There is likely additional logging output above.
24 verbose exit [ 1, true ]
